TN:
SF:/Users/hermes.espinola/Workspace/project/web/src/app.ts
FN:29,(anonymous_0)
FN:29,(anonymous_1)
FN:55,(anonymous_2)
FN:59,(anonymous_3)
FN:97,(anonymous_4)
FNF:5
FNH:3
FNDA:2,(anonymous_0)
FNDA:0,(anonymous_1)
FNDA:2,(anonymous_2)
FNDA:2,(anonymous_3)
FNDA:0,(anonymous_4)
DA:2,2
DA:3,2
DA:4,2
DA:5,2
DA:6,2
DA:7,2
DA:8,2
DA:9,2
DA:10,2
DA:11,2
DA:12,2
DA:13,2
DA:14,2
DA:15,2
DA:16,2
DA:18,2
DA:20,2
DA:21,2
DA:23,2
DA:25,2
DA:27,2
DA:28,2
DA:29,2
DA:30,0
DA:34,2
DA:37,2
DA:38,2
DA:39,2
DA:40,2
DA:41,2
DA:42,2
DA:51,2
DA:52,2
DA:53,2
DA:54,2
DA:55,2
DA:56,2
DA:57,2
DA:59,2
DA:61,2
DA:66,1
DA:68,1
DA:70,0
DA:72,2
DA:74,2
DA:78,2
DA:79,2
DA:80,2
DA:81,2
DA:82,2
DA:83,2
DA:84,2
DA:87,2
DA:88,2
DA:89,2
DA:90,2
DA:92,2
DA:96,2
DA:97,2
DA:98,0
DA:100,2
LF:61
LH:58
BRDA:34,0,0,2
BRDA:34,0,1,2
BRDA:61,1,0,1
BRDA:61,1,1,1
BRDA:61,2,0,2
BRDA:61,2,1,2
BRDA:61,2,2,1
BRDA:61,2,3,1
BRDA:61,2,4,1
BRDA:68,3,0,0
BRDA:68,3,1,1
BRDA:68,4,0,1
BRDA:68,4,1,0
BRF:13
BRH:11
end_of_record
TN:
SF:/Users/hermes.espinola/Workspace/project/web/src/constants.ts
FNF:0
FNH:0
DA:2,2
DA:3,2
DA:4,2
DA:5,2
DA:6,2
DA:7,2
DA:8,2
DA:9,2
DA:10,2
DA:11,2
LF:10
LH:10
BRF:0
BRH:0
end_of_record
TN:
SF:/Users/hermes.espinola/Workspace/project/web/src/config/passport.ts
FN:11,(anonymous_0)
FN:14,(anonymous_1)
FN:15,(anonymous_2)
FN:22,(anonymous_3)
FN:23,(anonymous_4)
FN:30,(anonymous_5)
FN:64,(anonymous_6)
FN:66,(anonymous_7)
FN:74,(anonymous_8)
FN:83,(anonymous_9)
FN:91,(anonymous_10)
FN:98,(anonymous_11)
FN:114,(anonymous_12)
FN:125,(anonymous_13)
FN:134,(anonymous_14)
FNF:15
FNH:0
FNDA:0,(anonymous_0)
FNDA:0,(anonymous_1)
FNDA:0,(anonymous_2)
FNDA:0,(anonymous_3)
FNDA:0,(anonymous_4)
FNDA:0,(anonymous_5)
FNDA:0,(anonymous_6)
FNDA:0,(anonymous_7)
FNDA:0,(anonymous_8)
FNDA:0,(anonymous_9)
FNDA:0,(anonymous_10)
FNDA:0,(anonymous_11)
FNDA:0,(anonymous_12)
FNDA:0,(anonymous_13)
FNDA:0,(anonymous_14)
DA:2,2
DA:3,2
DA:4,2
DA:5,2
DA:6,2
DA:8,2
DA:9,2
DA:10,2
DA:11,2
DA:12,0
DA:14,2
DA:15,0
DA:16,0
DA:22,2
DA:23,0
DA:24,0
DA:25,0
DA:27,0
DA:28,0
DA:30,0
DA:31,0
DA:32,0
DA:34,0
DA:35,0
DA:37,0
DA:58,2
DA:65,0
DA:66,0
DA:67,0
DA:68,0
DA:70,0
DA:71,0
DA:74,0
DA:75,0
DA:76,0
DA:78,0
DA:79,0
DA:80,0
DA:81,0
DA:82,0
DA:83,0
DA:84,0
DA:91,0
DA:92,0
DA:93,0
DA:95,0
DA:96,0
DA:98,0
DA:99,0
DA:100,0
DA:102,0
DA:103,0
DA:106,0
DA:107,0
DA:108,0
DA:109,0
DA:110,0
DA:111,0
DA:112,0
DA:113,0
DA:114,0
DA:115,0
DA:125,2
DA:126,0
DA:127,0
DA:129,0
DA:134,2
DA:135,0
DA:136,0
DA:137,0
DA:140,0
LF:71
LH:14
BRDA:24,0,0,0
BRDA:24,0,1,0
BRDA:27,1,0,0
BRDA:27,1,1,0
BRDA:31,2,0,0
BRDA:31,2,1,0
BRDA:34,3,0,0
BRDA:34,3,1,0
BRDA:65,4,0,0
BRDA:65,4,1,0
BRDA:67,5,0,0
BRDA:67,5,1,0
BRDA:70,6,0,0
BRDA:70,6,1,0
BRDA:75,7,0,0
BRDA:75,7,1,0
BRDA:80,8,0,0
BRDA:80,8,1,0
BRDA:81,9,0,0
BRDA:81,9,1,0
BRDA:82,10,0,0
BRDA:82,10,1,0
BRDA:92,11,0,0
BRDA:92,11,1,0
BRDA:95,12,0,0
BRDA:95,12,1,0
BRDA:99,13,0,0
BRDA:99,13,1,0
BRDA:102,14,0,0
BRDA:102,14,1,0
BRDA:113,15,0,0
BRDA:113,15,1,0
BRDA:126,16,0,0
BRDA:126,16,1,0
BRDA:136,17,0,0
BRDA:136,17,1,0
BRF:36
BRH:0
end_of_record
TN:
SF:/Users/hermes.espinola/Workspace/project/web/src/controllers/api.ts
FN:8,(anonymous_0)
FN:9,(anonymous_1)
FN:11,(anonymous_2)
FNF:3
FNH:0
FNDA:0,(anonymous_0)
FNDA:0,(anonymous_1)
FNDA:0,(anonymous_2)
DA:2,2
DA:3,2
DA:8,2
DA:9,0
DA:10,0
DA:11,0
DA:12,0
DA:13,0
DA:15,0
LF:9
LH:3
BRDA:12,0,0,0
BRDA:12,0,1,0
BRF:2
BRH:0
end_of_record
TN:
SF:/Users/hermes.espinola/Workspace/project/web/src/controllers/user.ts
FN:13,(anonymous_0)
FN:21,(anonymous_1)
FN:28,(anonymous_2)
FN:40,(anonymous_3)
FN:48,(anonymous_4)
FN:61,(anonymous_5)
FN:68,(anonymous_6)
FN:72,(anonymous_7)
FN:85,(anonymous_8)
FN:93,(anonymous_9)
FN:103,(anonymous_10)
FN:112,(anonymous_11)
FN:127,(anonymous_12)
FN:134,(anonymous_13)
FN:139,(anonymous_14)
FN:151,(anonymous_15)
FN:152,(anonymous_16)
FN:164,(anonymous_17)
FN:166,(anonymous_18)
FN:171,(anonymous_19)
FN:172,(anonymous_20)
FN:184,(anonymous_21)
FN:190,(anonymous_22)
FN:204,(anonymous_23)
FN:212,resetPassword
FN:216,(anonymous_25)
FN:226,(anonymous_26)
FN:230,(anonymous_27)
FN:236,sendResetPasswordEmail
FN:250,(anonymous_29)
FN:255,(anonymous_30)
FN:266,(anonymous_31)
FN:274,createRandomToken
FN:275,(anonymous_33)
FN:280,setRandomToken
FN:281,(anonymous_35)
FN:290,(anonymous_36)
FN:295,sendForgotPasswordEmail
FN:313,(anonymous_38)
FN:318,(anonymous_39)
FNF:40
FNH:1
FNDA:1,(anonymous_0)
FNDA:0,(anonymous_1)
FNDA:0,(anonymous_2)
FNDA:0,(anonymous_3)
FNDA:0,(anonymous_4)
FNDA:0,(anonymous_5)
FNDA:0,(anonymous_6)
FNDA:0,(anonymous_7)
FNDA:0,(anonymous_8)
FNDA:0,(anonymous_9)
FNDA:0,(anonymous_10)
FNDA:0,(anonymous_11)
FNDA:0,(anonymous_12)
FNDA:0,(anonymous_13)
FNDA:0,(anonymous_14)
FNDA:0,(anonymous_15)
FNDA:0,(anonymous_16)
FNDA:0,(anonymous_17)
FNDA:0,(anonymous_18)
FNDA:0,(anonymous_19)
FNDA:0,(anonymous_20)
FNDA:0,(anonymous_21)
FNDA:0,(anonymous_22)
FNDA:0,(anonymous_23)
FNDA:0,resetPassword
FNDA:0,(anonymous_25)
FNDA:0,(anonymous_26)
FNDA:0,(anonymous_27)
FNDA:0,sendResetPasswordEmail
FNDA:0,(anonymous_29)
FNDA:0,(anonymous_30)
FNDA:0,(anonymous_31)
FNDA:0,createRandomToken
FNDA:0,(anonymous_33)
FNDA:0,setRandomToken
FNDA:0,(anonymous_35)
FNDA:0,(anonymous_36)
FNDA:0,sendForgotPasswordEmail
FNDA:0,(anonymous_38)
FNDA:0,(anonymous_39)
DA:2,2
DA:3,2
DA:4,2
DA:5,2
DA:6,2
DA:7,2
DA:8,2
DA:13,2
DA:14,1
DA:15,1
DA:16,1
DA:17,1
DA:18,1
DA:19,1
DA:21,0
DA:22,0
DA:23,0
DA:25,0
DA:26,0
DA:28,0
DA:29,0
DA:30,0
DA:32,0
DA:40,2
DA:41,0
DA:42,0
DA:48,2
DA:49,0
DA:50,0
DA:51,0
DA:52,0
DA:53,0
DA:54,0
DA:55,0
DA:57,0
DA:61,0
DA:62,0
DA:63,0
DA:65,0
DA:66,0
DA:68,0
DA:69,0
DA:70,0
DA:72,0
DA:73,0
DA:74,0
DA:76,0
DA:85,2
DA:86,0
DA:87,0
DA:93,2
DA:94,0
DA:95,0
DA:96,0
DA:98,0
DA:99,0
DA:100,0
DA:101,0
DA:103,0
DA:104,0
DA:105,0
DA:107,0
DA:108,0
DA:109,0
DA:110,0
DA:111,0
DA:112,0
DA:113,0
DA:114,0
DA:115,0
DA:117,0
DA:119,0
DA:127,2
DA:128,0
DA:129,0
DA:130,0
DA:131,0
DA:132,0
DA:134,0
DA:135,0
DA:136,0
DA:138,0
DA:139,0
DA:140,0
DA:141,0
DA:143,0
DA:151,2
DA:152,0
DA:153,0
DA:154,0
DA:156,0
DA:157,0
DA:164,2
DA:165,0
DA:166,0
DA:167,0
DA:168,0
DA:170,0
DA:171,0
DA:172,0
DA:173,0
DA:174,0
DA:176,0
DA:184,2
DA:185,0
DA:186,0
DA:188,0
DA:191,0
DA:192,0
DA:194,0
DA:195,0
DA:197,0
DA:204,2
DA:205,0
DA:206,0
DA:207,0
DA:208,0
DA:209,0
DA:211,0
DA:213,0
DA:217,0
DA:218,0
DA:220,0
DA:221,0
DA:223,0
DA:224,0
DA:225,0
DA:226,0
DA:227,0
DA:228,0
DA:230,0
DA:231,0
DA:237,0
DA:244,0
DA:250,0
DA:251,0
DA:252,0
DA:256,0
DA:257,0
DA:259,0
DA:266,2
DA:267,0
DA:268,0
DA:269,0
DA:270,0
DA:271,0
DA:273,0
DA:275,0
DA:276,0
DA:277,0
DA:281,0
DA:282,0
DA:283,0
DA:285,0
DA:286,0
DA:288,0
DA:289,0
DA:290,0
DA:291,0
DA:296,0
DA:297,0
DA:304,0
DA:313,0
DA:314,0
DA:315,0
DA:319,0
DA:320,0
DA:322,0
LF:168
LH:24
BRDA:18,0,0,1
BRDA:18,0,1,0
BRDA:22,1,0,0
BRDA:22,1,1,0
BRDA:25,2,0,0
BRDA:25,2,1,0
BRDA:29,3,0,0
BRDA:29,3,1,0
BRDA:54,4,0,0
BRDA:54,4,1,0
BRDA:62,5,0,0
BRDA:62,5,1,0
BRDA:65,6,0,0
BRDA:65,6,1,0
BRDA:69,7,0,0
BRDA:69,7,1,0
BRDA:73,8,0,0
BRDA:73,8,1,0
BRDA:94,9,0,0
BRDA:94,9,1,0
BRDA:100,10,0,0
BRDA:100,10,1,0
BRDA:104,11,0,0
BRDA:104,11,1,0
BRDA:107,12,0,0
BRDA:107,12,1,0
BRDA:108,13,0,0
BRDA:108,13,1,0
BRDA:109,14,0,0
BRDA:109,14,1,0
BRDA:110,15,0,0
BRDA:110,15,1,0
BRDA:111,16,0,0
BRDA:111,16,1,0
BRDA:113,17,0,0
BRDA:113,17,1,0
BRDA:114,18,0,0
BRDA:114,18,1,0
BRDA:131,19,0,0
BRDA:131,19,1,0
BRDA:135,20,0,0
BRDA:135,20,1,0
BRDA:140,21,0,0
BRDA:140,21,1,0
BRDA:153,22,0,0
BRDA:153,22,1,0
BRDA:167,23,0,0
BRDA:167,23,1,0
BRDA:173,24,0,0
BRDA:173,24,1,0
BRDA:185,25,0,0
BRDA:185,25,1,0
BRDA:191,26,0,0
BRDA:191,26,1,0
BRDA:194,27,0,0
BRDA:194,27,1,0
BRDA:208,28,0,0
BRDA:208,28,1,0
BRDA:217,29,0,0
BRDA:217,29,1,0
BRDA:220,30,0,0
BRDA:220,30,1,0
BRDA:227,31,0,0
BRDA:227,31,1,0
BRDA:256,32,0,0
BRDA:256,32,1,0
BRDA:270,33,0,0
BRDA:270,33,1,0
BRDA:282,34,0,0
BRDA:282,34,1,0
BRDA:285,35,0,0
BRDA:285,35,1,0
BRDA:319,36,0,0
BRDA:319,36,1,0
BRF:74
BRH:1
end_of_record
TN:
SF:/Users/hermes.espinola/Workspace/project/web/src/models/User.ts
FN:39,hashPassword
FN:44,(anonymous_1)
FN:48,(anonymous_2)
FN:57,(anonymous_3)
FN:58,(anonymous_4)
FN:65,(anonymous_5)
FNF:6
FNH:0
FNDA:0,hashPassword
FNDA:0,(anonymous_1)
FNDA:0,(anonymous_2)
FNDA:0,(anonymous_3)
FNDA:0,(anonymous_4)
FNDA:0,(anonymous_5)
DA:2,2
DA:3,2
DA:4,2
DA:5,2
DA:6,2
DA:7,2
DA:8,2
DA:35,2
DA:39,2
DA:40,0
DA:41,0
DA:42,0
DA:44,0
DA:45,0
DA:46,0
DA:48,0
DA:49,0
DA:50,0
DA:52,0
DA:53,0
DA:57,2
DA:58,0
DA:59,0
DA:65,2
DA:66,0
DA:67,0
DA:69,0
DA:70,0
DA:72,0
DA:73,0
DA:76,2
DA:77,2
LF:32
LH:13
BRDA:41,0,0,0
BRDA:41,0,1,0
BRDA:45,1,0,0
BRDA:45,1,1,0
BRDA:49,2,0,0
BRDA:49,2,1,0
BRDA:66,3,0,0
BRDA:66,3,1,0
BRDA:69,4,0,0
BRDA:69,4,1,0
BRF:10
BRH:0
end_of_record
